<?xml version="1.0" encoding="UTF-8"?>
<!-- Generated by org.testng.reporters.JUnitXMLReporter -->
<testsuite ignored="2" hostname="DESKTOP-6O75AJE" failures="0" tests="1" name="Regression 1" time="26.765" errors="0" timestamp="2024-03-19T15:51:57 IST">
  <testcase classname="pkgTestScripts.ExporterTest" name="managexpoprofile" time="23.267"/>
  <testcase classname="pkgTestScripts.ExporterTest" name="verifyexporegister" time="0.0">
    <ignored/>
  </testcase> <!-- verifyexporegister -->
  <testcase classname="pkgTestScripts.ExporterTest" name="registerExporter" time="0.0">
    <ignored/>
  </testcase> <!-- registerExporter -->
</testsuite> <!-- Regression 1 -->
